0	1	mikroCARM.exe -MSF -DBG -pSTM32F103C8 -BIN -LHF -DL -SSA -O11111114 -fo80 -N"C:\NelsonLima\Projetos\03_ESC_Brushed\ESC_Brushed.git\trunk\STM32\ESC_Brushed.mcpar" -SP"C:\Users\Public\Documents\Mikroelektronika\mikroC PRO for ARM\Defs\" -SP"C:\Users\Public\Documents\Mikroelektronika\mikroC PRO for ARM\Uses\ST M3\" -SP"C:\NelsonLima\Projetos\03_ESC_Brushed\ESC_Brushed.git\trunk\STM32\" -SP"C:\NelsonLima\Projetos\03_ESC_Brushed\ESC_Brushed.git\trunk\STM32\Libs\J3_RC_Reciver\" -SP"C:\NelsonLima\Projetos\03_ESC_Brushed\ESC_Brushed.git\trunk\STM32\Libs\J3_HW95\" -IP"C:\Users\Public\Documents\Mikroelektronika\mikroC PRO for ARM\Uses\ST M3\" "ESC_Brushed.c" "libJ3_RC_Reciver.c" "motorDriveHW95.c" "__Lib_Math.emcl" "__Lib_MathDouble.emcl" "__Lib_Delays.emcl" "__Lib_System_101_102_103.emcl" "__Lib_GPIO_32F10x_Defs.emcl" "__Lib_GPIO_32F10x.emcl" "__Lib_CString.emcl" "__Lib_Conversions.emcl" "__Lib_PWM_1234.emcl" "__Lib_UART_123.emcl"	 
diagnostics: 0	122	Compilation Started	motordrivehw95.h
warning: 39	1503	Result is not defined in function: 'normalize'	ESC_Brushed.c
warning: 43	1503	Result is not defined in function: 'normalizeInvert'	ESC_Brushed.c
diagnostics: 82	123	Compiled Successfully	ESC_Brushed.c
diagnostics: 0	122	Compilation Started	libj3_rc_reciver.h
hint: 0	1004	interrupt handler (Timer2_interrupt at 0x002C)	libJ3_RC_Reciver.c
hint: 0	1004	interrupt handler (external_interrupt_PA0 at 0x0016)	libJ3_RC_Reciver.c
hint: 0	1004	interrupt handler (external_interrupt_PA1 at 0x0017)	libJ3_RC_Reciver.c
hint: 0	1004	interrupt handler (external_interrupt_PA2 at 0x0018)	libJ3_RC_Reciver.c
diagnostics: 231	123	Compiled Successfully	libJ3_RC_Reciver.c
diagnostics: 0	122	Compilation Started	motordrivehw95.h
diagnostics: 84	123	Compiled Successfully	motorDriveHW95.c
diagnostics: 0	127	All files Compiled in 890 ms	 
hint: 0	1144	Used RX: 16 (100%)   Free RX: 0 (0%)	Used RX: 16 (100%)   Free RX: 0 (0%)
hint: 0	1144	Static RAM (bytes): 50   Dynamic RAM (bytes): 20425	Static RAM (bytes): 50   Dynamic RAM (bytes): 20425
hint: 0	1144	Used ROM (bytes): 5436 (8%)  Free ROM (bytes): 60100 (92%)	Used ROM (bytes): 5436 (8%)  Free ROM (bytes): 60100 (92%)
diagnostics: 0	125	Project Linked Successfully	ESC_Brushed.mcpar
diagnostics: 0	128	Linked in 782 ms	 
diagnostics: 0	129	Project 'ESC_Brushed.mcpar' completed: 2032 ms	 
diagnostics: 0	103	Finished successfully: 28 jun 2020, 05:25:26	ESC_Brushed.mcpar
